<?xml version="1.0" encoding="UTF-8"?>
<!-- Generated by org.testng.reporters.JUnitXMLReporter -->
<testsuite ignored="0" hostname="YAYKOC" failures="0" tests="3" name="Regression Test" time="34.778" errors="0" timestamp="2023-10-16T22:07:51 EDT">
  <testcase classname="com.neotech.testcases.LoginTest" name="emptyPasswordLogin" time="2.44"/>
  <testcase classname="com.neotech.testcases.LoginTest" name="invalidPassword" time="6.028"/>
  <testcase classname="com.neotech.testcases.LoginTest" name="validLogin" time="6.476"/>
</testsuite> <!-- Regression Test -->
