<?xml version="1.0" encoding="UTF-8"?>
<!-- Generated by org.testng.reporters.JUnitXMLReporter -->
<testsuite ignored="1" hostname="YAYKOC" failures="0" tests="1" name="Smoke Test" time="14.485" errors="0" timestamp="2023-10-15T13:38:14 EDT">
  <testcase classname="com.neotech.testcases.LoginTest" name="validLogin" time="6.522"/>
  <testcase classname="com.neotech.testcases.LoginTest" name="emptyPasswordLogin" time="0.0">
    <ignored/>
  </testcase> <!-- emptyPasswordLogin -->
</testsuite> <!-- Smoke Test -->
