<?xml version="1.0" encoding="UTF-8"?>
<testng-results ignored="0" total="3" passed="3" failed="0" skipped="0">
  <reporter-output>
  </reporter-output>
  <suite started-at="2023-10-16T22:07:16 EDT" name="Suite" finished-at="2023-10-16T22:07:51 EDT" duration-ms="34778">
    <groups>
      <group name="regression">
        <method signature="LoginTest.emptyPasswordLogin()[pri:0, instance:com.neotech.testcases.LoginTest@635572a7]" name="emptyPasswordLogin" class="com.neotech.testcases.LoginTest"/>
        <method signature="LoginTest.invalidPassword()[pri:0, instance:com.neotech.testcases.LoginTest@635572a7]" name="invalidPassword" class="com.neotech.testcases.LoginTest"/>
        <method signature="LoginTest.validLogin()[pri:0, instance:com.neotech.testcases.LoginTest@635572a7]" name="validLogin" class="com.neotech.testcases.LoginTest"/>
      </group> <!-- regression -->
      <group name="smoke">
        <method signature="LoginTest.validLogin()[pri:0, instance:com.neotech.testcases.LoginTest@635572a7]" name="validLogin" class="com.neotech.testcases.LoginTest"/>
      </group> <!-- smoke -->
    </groups>
    <test started-at="2023-10-16T22:07:16 EDT" name="Regression Test" finished-at="2023-10-16T22:07:51 EDT" duration-ms="34778">
      <class name="com.neotech.testcases.LoginTest">
        <test-method is-config="true" signature="setUp()[pri:0, instance:com.neotech.testcases.LoginTest@635572a7]" started-at="2023-10-16T22:07:16 EDT" name="setUp" finished-at="2023-10-16T22:07:24 EDT" duration-ms="7866" status="PASS">
          <reporter-output>
          </reporter-output>
        </test-method> <!-- setUp -->
        <test-method signature="emptyPasswordLogin()[pri:0, instance:com.neotech.testcases.LoginTest@635572a7]" started-at="2023-10-16T22:07:24 EDT" name="emptyPasswordLogin" finished-at="2023-10-16T22:07:27 EDT" duration-ms="2440" status="PASS">
          <reporter-output>
          </reporter-output>
        </test-method> <!-- emptyPasswordLogin -->
        <test-method is-config="true" signature="tearDown()[pri:0, instance:com.neotech.testcases.LoginTest@635572a7]" started-at="2023-10-16T22:07:27 EDT" name="tearDown" finished-at="2023-10-16T22:07:27 EDT" duration-ms="156" status="PASS">
          <reporter-output>
          </reporter-output>
        </test-method> <!-- tearDown -->
        <test-method is-config="true" signature="setUp()[pri:0, instance:com.neotech.testcases.LoginTest@635572a7]" started-at="2023-10-16T22:07:27 EDT" name="setUp" finished-at="2023-10-16T22:07:33 EDT" duration-ms="5853" status="PASS">
          <reporter-output>
          </reporter-output>
        </test-method> <!-- setUp -->
        <test-method signature="invalidPassword()[pri:0, instance:com.neotech.testcases.LoginTest@635572a7]" started-at="2023-10-16T22:07:33 EDT" name="invalidPassword" finished-at="2023-10-16T22:07:39 EDT" duration-ms="6028" status="PASS">
          <reporter-output>
          </reporter-output>
        </test-method> <!-- invalidPassword -->
        <test-method is-config="true" signature="tearDown()[pri:0, instance:com.neotech.testcases.LoginTest@635572a7]" started-at="2023-10-16T22:07:39 EDT" name="tearDown" finished-at="2023-10-16T22:07:39 EDT" duration-ms="106" status="PASS">
          <reporter-output>
          </reporter-output>
        </test-method> <!-- tearDown -->
        <test-method is-config="true" signature="setUp()[pri:0, instance:com.neotech.testcases.LoginTest@635572a7]" started-at="2023-10-16T22:07:39 EDT" name="setUp" finished-at="2023-10-16T22:07:45 EDT" duration-ms="5677" status="PASS">
          <reporter-output>
          </reporter-output>
        </test-method> <!-- setUp -->
        <test-method signature="validLogin()[pri:0, instance:com.neotech.testcases.LoginTest@635572a7]" started-at="2023-10-16T22:07:45 EDT" name="validLogin" finished-at="2023-10-16T22:07:51 EDT" duration-ms="6476" status="PASS">
          <reporter-output>
          </reporter-output>
        </test-method> <!-- validLogin -->
        <test-method is-config="true" signature="tearDown()[pri:0, instance:com.neotech.testcases.LoginTest@635572a7]" started-at="2023-10-16T22:07:51 EDT" name="tearDown" finished-at="2023-10-16T22:07:51 EDT" duration-ms="116" status="PASS">
          <reporter-output>
          </reporter-output>
        </test-method> <!-- tearDown -->
      </class> <!-- com.neotech.testcases.LoginTest -->
    </test> <!-- Regression Test -->
  </suite> <!-- Suite -->
</testng-results>
